app/build/outputs/logs/manifest-merger-debug-report.txt
-- Merging decision tree log ---
manifest
ADDED from src\main\AndroidManifest.xml:2:1-33:12
	package
		ADDED from src\main\AndroidManifest.xml:3:2-35
		INJECTED from src\main\AndroidManifest.xml
		INJECTED from src\main\AndroidManifest.xml
	android:versionName
		ADDED from src\main\AndroidManifest.xml:5:2-27
		INJECTED from src\main\AndroidManifest.xml
		INJECTED from src\main\AndroidManifest.xml
	android:versionCode
		ADDED from src\main\AndroidManifest.xml:4:2-25
		INJECTED from src\main\AndroidManifest.xml
		INJECTED from src\main\AndroidManifest.xml
	xmlns:android
		ADDED from src\main\AndroidManifest.xml:2:11-69
uses-sdk
ADDED from src\main\AndroidManifest.xml:7:2-9:35
	android:targetSdkVersion
		ADDED from src\main\AndroidManifest.xml:9:3-32
		INJECTED from src\main\AndroidManifest.xml
		INJECTED from src\main\AndroidManifest.xml
	android:minSdkVersion
		ADDED from src\main\AndroidManifest.xml:8:3-29
		INJECTED from src\main\AndroidManifest.xml
		INJECTED from src\main\AndroidManifest.xml
uses-permission#android.permission.WAKE_LOCK
ADDED from src\main\AndroidManifest.xml:11:2-65
	android:name
		ADDED from src\main\AndroidManifest.xml:11:19-62
application
ADDED from src\main\AndroidManifest.xml:13:2-31:16
	android:label
		ADDED from src\main\AndroidManifest.xml:16:3-35
	android:allowBackup
		ADDED from src\main\AndroidManifest.xml:14:3-29
	android:icon
		ADDED from src\main\AndroidManifest.xml:15:3-39
	android:theme
		ADDED from src\main\AndroidManifest.xml:17:3-34
activity#com.example.musicplayer.MainActivity
ADDED from src\main\AndroidManifest.xml:18:3-28:14
	android:screenOrientation
		ADDED from src\main\AndroidManifest.xml:22:4-40
	android:label
		ADDED from src\main\AndroidManifest.xml:20:4-36
	android:launchMode
		ADDED from src\main\AndroidManifest.xml:21:4-34
	android:name
		ADDED from src\main\AndroidManifest.xml:19:4-55
intent-filter#android.intent.action.MAIN+android.intent.category.LAUNCHER
ADDED from src\main\AndroidManifest.xml:23:4-27:20
action#android.intent.action.MAIN
ADDED from src\main\AndroidManifest.xml:24:5-57
	android:name
		ADDED from src\main\AndroidManifest.xml:24:13-54
category#android.intent.category.LAUNCHER
ADDED from src\main\AndroidManifest.xml:26:5-65
	android:name
		ADDED from src\main\AndroidManifest.xml:26:15-62
service#com.example.musicplayer.MusicService
ADDED from src\main\AndroidManifest.xml:30:3-66
	android:name
		ADDED from src\main\AndroidManifest.xml:30:12-63